<?xml version="1.0" encoding="UTF-8"?>
<Site BuildName="Linux-clang++"
	BuildStamp="20230824-0541-Experimental"
	Name="codespaces-e40e54"
	Generator="ctest-3.27.2"
	CompilerName="/usr/bin/clang++"
	CompilerVersion=""
	OSName="Linux"
	Hostname="codespaces-e40e54"
	OSRelease="5.15.0-1041-azure"
	OSVersion="#48-Ubuntu SMP Tue Jun 20 20:34:08 UTC 2023"
	OSPlatform="x86_64"
	Is64Bits="1"
	VendorString="AuthenticAMD"
	VendorID="Advanced Micro Devices"
	FamilyID="25"
	ModelID="1"
	ProcessorCacheSize="512"
	NumberOfLogicalCPU="4"
	NumberOfPhysicalCPU="2"
	TotalVirtualMemory="0"
	TotalPhysicalMemory="15991"
	LogicalProcessorsPerPhysical="2"
	ProcessorClockFrequency="3242.71"
	>
	<Testing>
		<StartDateTime>Aug 24 07:32 UTC</StartDateTime>
		<StartTestTime>1692862378</StartTestTime>
		<TestList/>
		<EndDateTime>Aug 24 07:32 UTC</EndDateTime>
		<EndTestTime>1692862378</EndTestTime>
		<ElapsedMinutes>0</ElapsedMinutes>
	</Testing>
</Site>
